**********************
Windows PowerShell 기록 시작
시작 시간: 20260207220718
사용자 이름: SKSQ\Q00873
RunAs 사용자: SKSQ\Q00873
구성 이름: 
Machine: SKSQQ00873PN01 (Microsoft Windows NT 10.0.26100.0)
호스트 응용 프로그램: powershell -NoProfile -ExecutionPolicy Bypass -Command $env:TARGET_DOMAIN='cms.fsklns.com'; Invoke-Expression ((Get-Content -LiteralPath 'c:\Project\web_check\check.ps1' -Encoding UTF8) -join "`n")
프로세스 ID: 29896
PSVersion: 5.1.26100.7462
PSEdition: Desktop
PSCompatibleVersions: 1.0, 2.0, 3.0, 4.0, 5.0, 5.1.26100.7462
BuildVersion: 10.0.26100.7462
CLRVersion: 4.0.30319.42000
WSManStackVersion: 3.0
PSRemotingProtocolVersion: 2.3
SerializationVersion: 1.1.0.1
**********************
기록이 시작되었습니다. 출력 파일은 cms.fsklns.com_check_20260207_220718.log입니다.

[1. 서버 기본 정보 및 헤더 점검]
--------------------------------------------------------
   - 대상 URL : https://cms.fsklns.com
   - 서버 IP  : 52.78.171.161
     └─ [Shodan] : 🚨 노출됨 (Exposed)
        • 열린 포트 : 80, 443
        • 태그 정보 : cloud
        • 취약점 CVE : ✅ 발견되지 않음 (Clean)
   - 서버 IP  : 43.201.223.177
     └─ [Shodan] : 🚨 노출됨 (Exposed)
        • 열린 포트 : 443
        • 태그 정보 : cloud
        • 취약점 CVE : ✅ 발견되지 않음 (Clean)
   - Server 헤더 : 정보 없음

[1.5 기술 스택 및 데이터베이스 추정]
--------------------------------------------------------
   - 특이사항 : 없음 (보안이 잘 되어 있거나 정적 사이트임)

[보안 헤더(Security Header) 적용 현황]
--------------------------------------------------------
   - Strict-Transport-Security : ❌ 미적용 (취약)
   - X-Frame-Options : ❌ 미적용 (취약)
   - X-Content-Type-Options : ❌ 미적용 (취약)
   - X-XSS-Protection : ❌ 미적용 (취약)

[2. TLS/SSL 프로토콜 버전 점검]
--------------------------------------------------------
   - TLS 1.3 : ✅ 지원함 (안전)
   - TLS 1.2 : ✅ 지원함 (안전)
   - TLS 1.1 : ⚠️ 지원함 (경고: 구형 프로토콜)
   - TLS 1.0 : ⚠️ 지원함 (경고: 구형 프로토콜)
   - SSL 3.0 : ⚠️ 지원함 (경고: 구형 프로토콜)

[3. 상세 보안 및 인증서 점검]
--------------------------------------------------------
   [암호화] RC4 / DES / 3DES : 미사용 (양호)
   [암호화] AES-GCM : 사용 중 (Aes128) (양호)
   [암호화] SHA-1 : 미사용 (양호)
   [암호화] SHA-256 이상 : 사용 중 (Sha256) (양호)
   [키교환] ECDHE 사용 여부 : 미사용 (44550) (권장)
   [키교환] PFS 지원 여부 : 미지원 (미흡)
   [인증서] 인증서 만료 여부 : 유효함 (~2026-07-03) (점검일 2026-02-07 기준: 145일 남음) (양호)
   [인증서] RSA 키 길이 : 2048 bit (양호)
   [인증서] 서명 알고리즘 : sha256RSA (양호)
   [취약점] Heartbleed : 발견되지 않음 (양호)
   [취약점] POODLE : 발견되지 않음 (양호)
   [취약점] SWEET32 : 발견되지 않음 (양호)

[4. WAF 방어력 테스트 (Smart Check)]
--------------------------------------------------------
PS>종료 오류(Invoke-WebRequest): "


	
	
	400 Bad Request
	
		body {
			font-family: Calibri, Verdana, Geneva, sans-serif;
		}
		.layer {
			position: absolute;
			top: 0;
			left: 0;
			width: 100%;
			height: 100%;
			text-align: center
		}
		.layer .content{
			display: inline-block;
			margin: auto;
			margin-top: 100px;
			height: 185px;
			background: #fff;
			text-align: left;
			vertical-align: middle;
		}
		.t_level1 {
			font-size: 70px;
			font-weight: bold;
		}
		.t_level2 {
			font-size: 25px;
			font-weight: normal;
			color: #787878;
		}
		.t_level3 {
			font-size: 14px;
			color: #C30;
		}
	


	
		
		
			
				400&nbsp;&nbsp;&nbsp;
				Bad Request
				
				The server cannot or will not process the request due to an apparent client error (e.g., malformed request syntax, invalid request message framing, or deceptive request routing).
			
		
	


"
   [Test] XSS (Script) -> Result: 400 (🛡️ 차단됨/오류 응답 - 안전)
PS>종료 오류(Invoke-WebRequest): "


	
	
	400 Bad Request
	
		body {
			font-family: Calibri, Verdana, Geneva, sans-serif;
		}
		.layer {
			position: absolute;
			top: 0;
			left: 0;
			width: 100%;
			height: 100%;
			text-align: center
		}
		.layer .content{
			display: inline-block;
			margin: auto;
			margin-top: 100px;
			height: 185px;
			background: #fff;
			text-align: left;
			vertical-align: middle;
		}
		.t_level1 {
			font-size: 70px;
			font-weight: bold;
		}
		.t_level2 {
			font-size: 25px;
			font-weight: normal;
			color: #787878;
		}
		.t_level3 {
			font-size: 14px;
			color: #C30;
		}
	


	
		
		
			
				400&nbsp;&nbsp;&nbsp;
				Bad Request
				
				The server cannot or will not process the request due to an apparent client error (e.g., malformed request syntax, invalid request message framing, or deceptive request routing).
			
		
	


"
   [Test] SQL Inject  -> Result: 400 (🛡️ 차단됨/오류 응답 - 안전)
PS>종료 오류(Invoke-WebRequest): "


	
	
	400 Bad Request
	
		body {
			font-family: Calibri, Verdana, Geneva, sans-serif;
		}
		.layer {
			position: absolute;
			top: 0;
			left: 0;
			width: 100%;
			height: 100%;
			text-align: center
		}
		.layer .content{
			display: inline-block;
			margin: auto;
			margin-top: 100px;
			height: 185px;
			background: #fff;
			text-align: left;
			vertical-align: middle;
		}
		.t_level1 {
			font-size: 70px;
			font-weight: bold;
		}
		.t_level2 {
			font-size: 25px;
			font-weight: normal;
			color: #787878;
		}
		.t_level3 {
			font-size: 14px;
			color: #C30;
		}
	


	
		
		
			
				400&nbsp;&nbsp;&nbsp;
				Bad Request
				
				The server cannot or will not process the request due to an apparent client error (e.g., malformed request syntax, invalid request message framing, or deceptive request routing).
			
		
	


"
   [Test] Traversal   -> Result: 400 (🛡️ 차단됨/오류 응답 - 안전)
PS>종료 오류(Invoke-WebRequest): "


	
	
	400 Bad Request
	
		body {
			font-family: Calibri, Verdana, Geneva, sans-serif;
		}
		.layer {
			position: absolute;
			top: 0;
			left: 0;
			width: 100%;
			height: 100%;
			text-align: center
		}
		.layer .content{
			display: inline-block;
			margin: auto;
			margin-top: 100px;
			height: 185px;
			background: #fff;
			text-align: left;
			vertical-align: middle;
		}
		.t_level1 {
			font-size: 70px;
			font-weight: bold;
		}
		.t_level2 {
			font-size: 25px;
			font-weight: normal;
			color: #787878;
		}
		.t_level3 {
			font-size: 14px;
			color: #C30;
		}
	


	
		
		
			
				400&nbsp;&nbsp;&nbsp;
				Bad Request
				
				The server cannot or will not process the request due to an apparent client error (e.g., malformed request syntax, invalid request message framing, or deceptive request routing).
			
		
	


"
   [Test] Cmd Inject  -> Result: 400 (🛡️ 차단됨/오류 응답 - 안전)

 [!] 보고서 생성 완료: cms.fsklns.com_check.html
 [!] 로그 저장 완료: cms.fsklns.com_check_20260207_220718.log
     (스크립트와 같은 폴더에 저장되었습니다)

**********************
Windows PowerShell 기록 끝
종료 시간: 20260207220720
**********************
