**********************
Windows PowerShell 기록 시작
시작 시간: 20260207220204
사용자 이름: SKSQ\Q00873
RunAs 사용자: SKSQ\Q00873
구성 이름: 
Machine: SKSQQ00873PN01 (Microsoft Windows NT 10.0.26100.0)
호스트 응용 프로그램: powershell -NoProfile -ExecutionPolicy Bypass -Command $env:TARGET_DOMAIN='m.en.shop-t1.gg'; Invoke-Expression ((Get-Content -LiteralPath 'c:\Project\web_check\check.ps1' -Encoding UTF8) -join "`n")
프로세스 ID: 28224
PSVersion: 5.1.26100.7462
PSEdition: Desktop
PSCompatibleVersions: 1.0, 2.0, 3.0, 4.0, 5.0, 5.1.26100.7462
BuildVersion: 10.0.26100.7462
CLRVersion: 4.0.30319.42000
WSManStackVersion: 3.0
PSRemotingProtocolVersion: 2.3
SerializationVersion: 1.1.0.1
**********************
기록이 시작되었습니다. 출력 파일은 m.en.shop-t1.gg_check_20260207_220204.log입니다.

[1. 서버 기본 정보 및 헤더 점검]
--------------------------------------------------------
   - 대상 URL : https://m.en.shop-t1.gg
   - 서버 IP  : 183.111.139.225
     └─ [Shodan] : 🚨 노출됨 (Exposed)
        • 열린 포트 : 80, 443
        • 취약점 CVE : ✅ 발견되지 않음 (Clean)
   - 서버 IP  : 183.111.139.227
     └─ [Shodan] : 🚨 노출됨 (Exposed)
        • 열린 포트 : 80, 443
        • 취약점 CVE : ✅ 발견되지 않음 (Clean)
   - 서버 IP  : 203.245.12.99
     └─ [Shodan] : 🚨 노출됨 (Exposed)
        • 열린 포트 : 80, 443
        • 취약점 CVE : ✅ 발견되지 않음 (Clean)
   - 서버 IP  : 210.114.23.167
     └─ [Shodan] : 🚨 노출됨 (Exposed)
        • 열린 포트 : 80, 443
        • 취약점 CVE : CVE-2020-11022, CVE-2012-6708, CVE-2011-4969, CVE-2015-9251, CVE-2019-11358, CVE-2020-11023, CVE-2020-7656
PS>종료 오류(Invoke-WebRequest): "작업 시간을 초과했습니다."
   [!] 치명적 오류 : 접속 불가 (작업 시간을 초과했습니다.)
   - Server 헤더 : 정보 없음

[1.5 기술 스택 및 데이터베이스 추정]
--------------------------------------------------------
   - 특이사항 : 없음 (보안이 잘 되어 있거나 정적 사이트임)

[보안 헤더(Security Header) 적용 현황]
--------------------------------------------------------
   - Strict-Transport-Security : ❌ 미적용 (취약)
   - X-Frame-Options : ❌ 미적용 (취약)
   - X-Content-Type-Options : ❌ 미적용 (취약)
   - X-XSS-Protection : ❌ 미적용 (취약)

[2. TLS/SSL 프로토콜 버전 점검]
--------------------------------------------------------
   - TLS 1.3 : ❌ 미지원 (양호)
   - TLS 1.2 : ❌ 미지원 (양호)
   - TLS 1.1 : ❌ 미지원 (양호)
   - TLS 1.0 : ❌ 미지원 (양호)
   - SSL 3.0 : ❌ 미지원 (양호)

[3. 상세 보안 및 인증서 점검]
--------------------------------------------------------
PS>종료 오류(New-Object): ""2"개의 인수가 있는 ".ctor"을(를) 호출하는 동안 예외가 발생했습니다. "연결된 구성원으로부터 응답이 없어 연결하지 못했거나, 호스트로부터 응답이 없어 연결이 끊어졌습니다 210.114.23.167:443""
   [!] 상세 점검 연결 실패: "2"개의 인수가 있는 ".ctor"을(를) 호출하는 동안 예외가 발생했습니다. "연결된 구성원으로부터 응답이 없어 연결하지 못했거나, 호스트로부터 응답이 없어 연결이 끊어졌습니다 210.114.23.167:443"
   [암호화] RC4 / DES / 3DES : 미사용 (양호)
   [암호화] AES-GCM : 미사용 (확인 필요)
   [암호화] SHA-1 : 미사용 (양호)
   [암호화] SHA-256 이상 : 미사용 () (확인 필요)
   [키교환] ECDHE 사용 여부 : 미사용 () (권장)
   [키교환] PFS 지원 여부 : 미지원 (미흡)
   [인증서] 인증서 만료 여부 : 확인불가 (취약)
   [인증서] RSA 키 길이 : 0 bit (미흡)
   [인증서] 서명 알고리즘 :  (양호)
   [취약점] Heartbleed : 발견되지 않음 (양호)
   [취약점] POODLE : 발견되지 않음 (양호)
   [취약점] SWEET32 : 발견되지 않음 (양호)

[4. WAF 방어력 테스트 (Smart Check)]
--------------------------------------------------------
PS>종료 오류(Invoke-WebRequest): "작업 시간을 초과했습니다."
   [Test] XSS (Script) -> Result: 연결 실패 (작업 시간을 초과했습니다.)
PS>종료 오류(Invoke-WebRequest): "작업 시간을 초과했습니다."
   [Test] SQL Inject  -> Result: 연결 실패 (작업 시간을 초과했습니다.)
PS>종료 오류(Invoke-WebRequest): "작업 시간을 초과했습니다."
   [Test] Traversal   -> Result: 연결 실패 (작업 시간을 초과했습니다.)
PS>종료 오류(Invoke-WebRequest): "작업 시간을 초과했습니다."
   [Test] Cmd Inject  -> Result: 연결 실패 (작업 시간을 초과했습니다.)

 [!] 보고서 생성 완료: m.en.shop-t1.gg_check.html
 [!] 로그 저장 완료: m.en.shop-t1.gg_check_20260207_220204.log
     (스크립트와 같은 폴더에 저장되었습니다)

**********************
Windows PowerShell 기록 끝
종료 시간: 20260207220445
**********************
