**********************
Windows PowerShell 기록 시작
시작 시간: 20260208015046
사용자 이름: SKSQ\Q00873
RunAs 사용자: SKSQ\Q00873
구성 이름: 
Machine: SKSQQ00873PN01 (Microsoft Windows NT 10.0.26100.0)
호스트 응용 프로그램: powershell -NoProfile -ExecutionPolicy Bypass -Command $env:TARGET_DOMAIN='portal.kerolplay.com'; Invoke-Expression ((Get-Content -LiteralPath 'c:\Project\web_check\check.ps1' -Encoding UTF8) -join "`n")
프로세스 ID: 31416
PSVersion: 5.1.26100.7462
PSEdition: Desktop
PSCompatibleVersions: 1.0, 2.0, 3.0, 4.0, 5.0, 5.1.26100.7462
BuildVersion: 10.0.26100.7462
CLRVersion: 4.0.30319.42000
WSManStackVersion: 3.0
PSRemotingProtocolVersion: 2.3
SerializationVersion: 1.1.0.1
**********************
기록이 시작되었습니다. 출력 파일은 portal.kerolplay.com_check_20260208_015046.log입니다.

[1. 서버 기본 정보 및 헤더 점검]
--------------------------------------------------------
   - 대상 URL : https://portal.kerolplay.com
   - 서버 IP  : 52.78.171.161
     └─ [Shodan] : 🚨 노출됨 (Exposed)
        • 열린 포트 : 80, 443
        • 태그 정보 : cloud
        • 취약점 CVE : ✅ 발견되지 않음 (Clean)
   - 서버 IP  : 43.201.223.177
     └─ [Shodan] : 🚨 노출됨 (Exposed)
        • 열린 포트 : 443
        • 태그 정보 : cloud
        • 취약점 CVE : ✅ 발견되지 않음 (Clean)
   - Server 헤더 : 정보 없음

[1.5 기술 스택 및 데이터베이스 추정]
--------------------------------------------------------
   - 특이사항 : 없음 (보안이 잘 되어 있거나 정적 사이트임)

[보안 헤더(Security Header) 적용 현황]
--------------------------------------------------------
   - Strict-Transport-Security : ❌ 미적용 (취약)
   - X-Frame-Options : ❌ 미적용 (취약)
   - X-Content-Type-Options : ❌ 미적용 (취약)
   - X-XSS-Protection : ❌ 미적용 (취약)
   - [Cookie] 쿠키 미발견 : 정보 없음 (양호)
PS>종료 오류(Invoke-WebRequest): "


	
	
	400 Bad Request
	
		body {
			font-family: Calibri, Verdana, Geneva, sans-serif;
		}
		.layer {
			position: absolute;
			top: 0;
			left: 0;
			width: 100%;
			height: 100%;
			text-align: center
		}
		.layer .content{
			display: inline-block;
			margin: auto;
			margin-top: 100px;
			height: 185px;
			background: #fff;
			text-align: left;
			vertical-align: middle;
		}
		.t_level1 {
			font-size: 70px;
			font-weight: bold;
		}
		.t_level2 {
			font-size: 25px;
			font-weight: normal;
			color: #787878;
		}
		.t_level3 {
			font-size: 14px;
			color: #C30;
		}
	


	
		
		
			
				400&nbsp;&nbsp;&nbsp;
				Bad Request
				
				The server cannot or will not process the request due to an apparent client error (e.g., malformed request syntax, invalid request message framing, or deceptive request routing).
			
		
	


"
   - [Method] OPTIONS 요청 : ✅ 비활성화/차단됨 (양호)
PS>종료 오류(Invoke-WebRequest): "HTTP Status 404 – Not Foundh1 {font-family:Tahoma,Arial,sans-serif;color:white;background-color:#525D76;font-size:22px;} h2 {font-family:Tahoma,Arial,sans-serif;color:white;background-color:#525D76;font-size:16px;} h3 {font-family:Tahoma,Arial,sans-serif;color:white;background-color:#525D76;font-size:14px;} body {font-family:Tahoma,Arial,sans-serif;color:black;background-color:white;} b {font-family:Tahoma,Arial,sans-serif;color:white;background-color:#525D76;} p {font-family:Tahoma,Arial,sans-serif;background:white;color:black;font-size:12px;} a {color:black;} a.name {color:black;} .line {height:1px;background-color:#525D76;border:none;}HTTP Status 404 – Not FoundType Status ReportDescription The origin server did not find a current representation for the target resource or is not willing to disclose that one exists.Apache Tomcat/8.5.41"
   - [Robots] robots.txt : ✅ 없음 또는 접근 불가 (양호)

[2. TLS/SSL 프로토콜 버전 점검]
--------------------------------------------------------
   - TLS 1.3 : ✅ 지원함 (안전)
   - TLS 1.2 : ✅ 지원함 (안전)
   - TLS 1.1 : ⚠️ 지원함 (경고: 구형 프로토콜)
   - TLS 1.0 : ⚠️ 지원함 (경고: 구형 프로토콜)
   - SSL 3.0 : ⚠️ 지원함 (경고: 구형 프로토콜)

[3. 상세 보안 및 인증서 점검]
--------------------------------------------------------
   [암호화] RC4 / DES / 3DES : 미사용 (양호)
   [암호화] AES-GCM : 사용 중 (Aes128) (양호)
   [암호화] SHA-1 : 미사용 (양호)
   [암호화] SHA-256 이상 : 사용 중 (Sha256) (양호)
   [키교환] ECDHE 사용 여부 : 미사용 (44550) (권장)
   [키교환] PFS 지원 여부 : 미지원 (미흡)
   [인증서] 인증서 만료 여부 : 유효함 (~2026-12-22) (점검일 2026-02-08 기준: 317일 남음) (양호)
   [인증서] RSA 키 길이 : 2048 bit (양호)
   [인증서] 서명 알고리즘 : sha256RSA (양호)
   [취약점] Heartbleed : 발견되지 않음 (양호)
   [취약점] POODLE : 발견되지 않음 (양호)
   [취약점] SWEET32 : 발견되지 않음 (양호)

[4. WAF/CDN 식별 및 방어력 테스트]
--------------------------------------------------------
PS>종료 오류(Invoke-WebRequest): "


	
	
	400 Bad Request
	
		body {
			font-family: Calibri, Verdana, Geneva, sans-serif;
		}
		.layer {
			position: absolute;
			top: 0;
			left: 0;
			width: 100%;
			height: 100%;
			text-align: center
		}
		.layer .content{
			display: inline-block;
			margin: auto;
			margin-top: 100px;
			height: 185px;
			background: #fff;
			text-align: left;
			vertical-align: middle;
		}
		.t_level1 {
			font-size: 70px;
			font-weight: bold;
		}
		.t_level2 {
			font-size: 25px;
			font-weight: normal;
			color: #787878;
		}
		.t_level3 {
			font-size: 14px;
			color: #C30;
		}
	


	
		
		
			
				400&nbsp;&nbsp;&nbsp;
				Bad Request
				
				The server cannot or will not process the request due to an apparent client error (e.g., malformed request syntax, invalid request message framing, or deceptive request routing).
			
		
	


"
   [WAF 식별] Cloudbric (Penta Security) (Verified with wafw00f)

   [WAF 방어력] OWASP Top 10 순차 정밀 진단 (3초 간격 / 무소음)
   [A01] (위험순위 : 1위 ) (카테고리 : 접근 통제 취약) Path Traversal
      └─ 공격: ?file=../../../../passwd
      └─ 설명: 시스템 파일 열람 시도 / 위험: 설정 파일 유출
PS>종료 오류(Invoke-WebRequest): "


	
	
	400 Bad Request
	
		body {
			font-family: Calibri, Verdana, Geneva, sans-serif;
		}
		.layer {
			position: absolute;
			top: 0;
			left: 0;
			width: 100%;
			height: 100%;
			text-align: center
		}
		.layer .content{
			display: inline-block;
			margin: auto;
			margin-top: 100px;
			height: 185px;
			background: #fff;
			text-align: left;
			vertical-align: middle;
		}
		.t_level1 {
			font-size: 70px;
			font-weight: bold;
		}
		.t_level2 {
			font-size: 25px;
			font-weight: normal;
			color: #787878;
		}
		.t_level3 {
			font-size: 14px;
			color: #C30;
		}
	


	
		
		
			
				400&nbsp;&nbsp;&nbsp;
				Bad Request
				
				The server cannot or will not process the request due to an apparent client error (e.g., malformed request syntax, invalid request message framing, or deceptive request routing).
			
		
	


"
      👉 결과: 400 [🛡️ 차단됨] (접속 거부)

   [A01] (위험순위 : 1위 ) (카테고리 : 접근 통제 취약) Path Bypass
      └─ 공격: ?file=....//....//passwd
      └─ 설명: 방화벽 우회 경로 탐색 / 위험: 방화벽 무력화
PS>종료 오류(Invoke-WebRequest): "


	
	
	400 Bad Request
	
		body {
			font-family: Calibri, Verdana, Geneva, sans-serif;
		}
		.layer {
			position: absolute;
			top: 0;
			left: 0;
			width: 100%;
			height: 100%;
			text-align: center
		}
		.layer .content{
			display: inline-block;
			margin: auto;
			margin-top: 100px;
			height: 185px;
			background: #fff;
			text-align: left;
			vertical-align: middle;
		}
		.t_level1 {
			font-size: 70px;
			font-weight: bold;
		}
		.t_level2 {
			font-size: 25px;
			font-weight: normal;
			color: #787878;
		}
		.t_level3 {
			font-size: 14px;
			color: #C30;
		}
	


	
		
		
			
				400&nbsp;&nbsp;&nbsp;
				Bad Request
				
				The server cannot or will not process the request due to an apparent client error (e.g., malformed request syntax, invalid request message framing, or deceptive request routing).
			
		
	


"
      👉 결과: 400 [🛡️ 차단됨] (접속 거부)

   [A01] (위험순위 : 1위 ) (카테고리 : 접근 통제 취약) Path Trav(Win)
      └─ 공격: ?file=../../windows/win.ini
      └─ 설명: 윈도우 시스템 파일 접근 / 위험: 윈도우 설정 유출
PS>종료 오류(Invoke-WebRequest): "


	
	
	400 Bad Request
	
		body {
			font-family: Calibri, Verdana, Geneva, sans-serif;
		}
		.layer {
			position: absolute;
			top: 0;
			left: 0;
			width: 100%;
			height: 100%;
			text-align: center
		}
		.layer .content{
			display: inline-block;
			margin: auto;
			margin-top: 100px;
			height: 185px;
			background: #fff;
			text-align: left;
			vertical-align: middle;
		}
		.t_level1 {
			font-size: 70px;
			font-weight: bold;
		}
		.t_level2 {
			font-size: 25px;
			font-weight: normal;
			color: #787878;
		}
		.t_level3 {
			font-size: 14px;
			color: #C30;
		}
	


	
		
		
			
				400&nbsp;&nbsp;&nbsp;
				Bad Request
				
				The server cannot or will not process the request due to an apparent client error (e.g., malformed request syntax, invalid request message framing, or deceptive request routing).
			
		
	


"
      👉 결과: 400 [🛡️ 차단됨] (접속 거부)

   [A03] (위험순위 : 3위 ) (카테고리 : 인젝션 공격   ) SQL Injection
      └─ 공격: ?id=1 UNION SELECT 1...
      └─ 설명: DB 조작 및 정보 탈취 / 위험: 회원정보 유출, DB 삭제
      👉 결과: 200 [🛡️ 차단됨] (경고 메시지)

   [A03] (위험순위 : 3위 ) (카테고리 : 인젝션 공격   ) XSS (Script)
      └─ 공격: ?q=alert(1)
      └─ 설명: 스크립트 실행 공격 / 위험: 쿠키 탈취, 피싱
PS>종료 오류(Invoke-WebRequest): "


	
	
	400 Bad Request
	
		body {
			font-family: Calibri, Verdana, Geneva, sans-serif;
		}
		.layer {
			position: absolute;
			top: 0;
			left: 0;
			width: 100%;
			height: 100%;
			text-align: center
		}
		.layer .content{
			display: inline-block;
			margin: auto;
			margin-top: 100px;
			height: 185px;
			background: #fff;
			text-align: left;
			vertical-align: middle;
		}
		.t_level1 {
			font-size: 70px;
			font-weight: bold;
		}
		.t_level2 {
			font-size: 25px;
			font-weight: normal;
			color: #787878;
		}
		.t_level3 {
			font-size: 14px;
			color: #C30;
		}
	


	
		
		
			
				400&nbsp;&nbsp;&nbsp;
				Bad Request
				
				The server cannot or will not process the request due to an apparent client error (e.g., malformed request syntax, invalid request message framing, or deceptive request routing).
			
		
	


"
      👉 결과: 400 [🛡️ 차단됨] (접속 거부)

   [A03] (위험순위 : 3위 ) (카테고리 : 인젝션 공격   ) Cmd Injection
      └─ 공격: ?cmd=; cat /etc/passwd
      └─ 설명: 서버 명령어 직접 실행 / 위험: 서버 권한 장악
PS>종료 오류(Invoke-WebRequest): "


	
	
	400 Bad Request
	
		body {
			font-family: Calibri, Verdana, Geneva, sans-serif;
		}
		.layer {
			position: absolute;
			top: 0;
			left: 0;
			width: 100%;
			height: 100%;
			text-align: center
		}
		.layer .content{
			display: inline-block;
			margin: auto;
			margin-top: 100px;
			height: 185px;
			background: #fff;
			text-align: left;
			vertical-align: middle;
		}
		.t_level1 {
			font-size: 70px;
			font-weight: bold;
		}
		.t_level2 {
			font-size: 25px;
			font-weight: normal;
			color: #787878;
		}
		.t_level3 {
			font-size: 14px;
			color: #C30;
		}
	


	
		
		
			
				400&nbsp;&nbsp;&nbsp;
				Bad Request
				
				The server cannot or will not process the request due to an apparent client error (e.g., malformed request syntax, invalid request message framing, or deceptive request routing).
			
		
	


"
      👉 결과: 400 [🛡️ 차단됨] (접속 거부)

   [A03] (위험순위 : 3위 ) (카테고리 : 인젝션 공격   ) LDAP Inject
      └─ 공격: ?user=*)(uid=*))(|(uid=*
      └─ 설명: 관리자 인증 우회 / 위험: 관리자 계정 탈취
      👉 결과: 200 [🛡️ 차단됨] (경고 메시지)

   [A03] (위험순위 : 3위 ) (카테고리 : 인젝션 공격   ) SSTI Template
      └─ 공격: ?name={{7*7}}
      └─ 설명: 템플릿 엔진 계산 실행 / 위험: 내부 파일 열람, RCE
      👉 결과: 200 [🛡️ 차단됨] (경고 메시지)

   [A05] (위험순위 : 5위 ) (카테고리 : 보안 설정 오류) Config (.env)
      └─ 공격: /.env
      └─ 설명: 환경 설정 파일 탐색 / 위험: DB 비밀번호 노출
PS>종료 오류(Invoke-WebRequest): "


	
	
	400 Bad Request
	
		body {
			font-family: Calibri, Verdana, Geneva, sans-serif;
		}
		.layer {
			position: absolute;
			top: 0;
			left: 0;
			width: 100%;
			height: 100%;
			text-align: center
		}
		.layer .content{
			display: inline-block;
			margin: auto;
			margin-top: 100px;
			height: 185px;
			background: #fff;
			text-align: left;
			vertical-align: middle;
		}
		.t_level1 {
			font-size: 70px;
			font-weight: bold;
		}
		.t_level2 {
			font-size: 25px;
			font-weight: normal;
			color: #787878;
		}
		.t_level3 {
			font-size: 14px;
			color: #C30;
		}
	


	
		
		
			
				400&nbsp;&nbsp;&nbsp;
				Bad Request
				
				The server cannot or will not process the request due to an apparent client error (e.g., malformed request syntax, invalid request message framing, or deceptive request routing).
			
		
	


"
      👉 결과: 400 [🛡️ 차단됨] (접속 거부)

   [A05] (위험순위 : 5위 ) (카테고리 : 보안 설정 오류) Git Exposure
      └─ 공격: /.git/HEAD
      └─ 설명: 소스코드 저장소 탐색 / 위험: 소스코드 전체 유출
PS>종료 오류(Invoke-WebRequest): "HTTP Status 404 – Not Foundh1 {font-family:Tahoma,Arial,sans-serif;color:white;background-color:#525D76;font-size:22px;} h2 {font-family:Tahoma,Arial,sans-serif;color:white;background-color:#525D76;font-size:16px;} h3 {font-family:Tahoma,Arial,sans-serif;color:white;background-color:#525D76;font-size:14px;} body {font-family:Tahoma,Arial,sans-serif;color:black;background-color:white;} b {font-family:Tahoma,Arial,sans-serif;color:white;background-color:#525D76;} p {font-family:Tahoma,Arial,sans-serif;background:white;color:black;font-size:12px;} a {color:black;} a.name {color:black;} .line {height:1px;background-color:#525D76;border:none;}HTTP Status 404 – Not FoundType Status ReportDescription The origin server did not find a current representation for the target resource or is not willing to disclose that one exists.Apache Tomcat/8.5.41"
      👉 결과: 404 [🛡️ 차단됨] (접속 거부)

   [A06] (위험순위 : 6위 ) (카테고리 : 취약한 구성요소) Log4j (RCE)
      └─ 공격: ?q=${jndi:ldap://...}
      └─ 설명: Log4j 취약점 공격 / 위험: 관리자 권한 장악
PS>종료 오류(Invoke-WebRequest): "


	
	
	400 Bad Request
	
		body {
			font-family: Calibri, Verdana, Geneva, sans-serif;
		}
		.layer {
			position: absolute;
			top: 0;
			left: 0;
			width: 100%;
			height: 100%;
			text-align: center
		}
		.layer .content{
			display: inline-block;
			margin: auto;
			margin-top: 100px;
			height: 185px;
			background: #fff;
			text-align: left;
			vertical-align: middle;
		}
		.t_level1 {
			font-size: 70px;
			font-weight: bold;
		}
		.t_level2 {
			font-size: 25px;
			font-weight: normal;
			color: #787878;
		}
		.t_level3 {
			font-size: 14px;
			color: #C30;
		}
	


	
		
		
			
				400&nbsp;&nbsp;&nbsp;
				Bad Request
				
				The server cannot or will not process the request due to an apparent client error (e.g., malformed request syntax, invalid request message framing, or deceptive request routing).
			
		
	


"
      👉 결과: 400 [🛡️ 차단됨] (접속 거부)

   [A10] (위험순위 : 10위) (카테고리 : 서버 위조 요청) SSRF (Cloud)
      └─ 공격: ?url=http://169.254...
      └─ 설명: 클라우드 내부망 호출 / 위험: AWS 인증키 탈취
      👉 결과: 200 [🛡️ 차단됨] (경고 메시지)


   [WAF 방어력] OWASP Top 10 순차 정밀 진단
   =======================================================
    • 총 점검 항목 : 12 개
    • 🛡️ 완벽 방어 : 12 개
    • ✅ 무해화    : 0 개
    • 🚨 취약/위험 : 0 개
   =======================================================

 [!] 보고서 생성 완료: portal.kerolplay.com_check.html
 [!] 로그 저장 완료: portal.kerolplay.com_check_20260208_015046.log
     (스크립트와 같은 폴더에 저장되었습니다)

**********************
Windows PowerShell 기록 끝
종료 시간: 20260208015124
**********************
