**********************
Windows PowerShell 기록 시작
시작 시간: 20260208011612
사용자 이름: SKSQ\Q00873
RunAs 사용자: SKSQ\Q00873
구성 이름: 
Machine: SKSQQ00873PN01 (Microsoft Windows NT 10.0.26100.0)
호스트 응용 프로그램: powershell -NoProfile -ExecutionPolicy Bypass -Command $env:TARGET_DOMAIN='quit'; Invoke-Expression ((Get-Content -LiteralPath 'c:\Project\web_check\check.ps1' -Encoding UTF8) -join "`n")
프로세스 ID: 34680
PSVersion: 5.1.26100.7462
PSEdition: Desktop
PSCompatibleVersions: 1.0, 2.0, 3.0, 4.0, 5.0, 5.1.26100.7462
BuildVersion: 10.0.26100.7462
CLRVersion: 4.0.30319.42000
WSManStackVersion: 3.0
PSRemotingProtocolVersion: 2.3
SerializationVersion: 1.1.0.1
**********************
기록이 시작되었습니다. 출력 파일은 quit_check_20260208_011612.log입니다.

[1. 서버 기본 정보 및 헤더 점검]
--------------------------------------------------------
   - 대상 URL : https://quit
   [!] 초기화/실행 오류 : "1"개의 인수가 있는 "GetHostAddresses"을(를) 호출하는 동안 예외가 발생했습니다. "알려진 호스트가 없습니다"

[2. TLS/SSL 프로토콜 버전 점검]
--------------------------------------------------------
   - TLS 1.3 : ❌ 미지원 (양호)
   - TLS 1.2 : ❌ 미지원 (양호)
   - TLS 1.1 : ❌ 미지원 (양호)
   - TLS 1.0 : ❌ 미지원 (양호)
   - SSL 3.0 : ❌ 미지원 (양호)

[3. 상세 보안 및 인증서 점검]
--------------------------------------------------------
PS>종료 오류(New-Object): ""2"개의 인수가 있는 ".ctor"을(를) 호출하는 동안 예외가 발생했습니다. "알려진 호스트가 없습니다""
   [!] 상세 점검 연결 실패: "2"개의 인수가 있는 ".ctor"을(를) 호출하는 동안 예외가 발생했습니다. "알려진 호스트가 없습니다"
   [암호화] RC4 / DES / 3DES : 미사용 (양호)
   [암호화] AES-GCM : 미사용 (확인 필요)
   [암호화] SHA-1 : 미사용 (양호)
   [암호화] SHA-256 이상 : 미사용 () (확인 필요)
   [키교환] ECDHE 사용 여부 : 미사용 () (권장)
   [키교환] PFS 지원 여부 : 미지원 (미흡)
   [인증서] 인증서 만료 여부 : 확인불가 (취약)
   [인증서] RSA 키 길이 : 0 bit (미흡)
   [인증서] 서명 알고리즘 :  (양호)
   [취약점] Heartbleed : 발견되지 않음 (양호)
   [취약점] POODLE : 발견되지 않음 (양호)
   [취약점] SWEET32 : 발견되지 않음 (양호)

[4. WAF/CDN 식별 및 방어력 테스트]
--------------------------------------------------------
