**********************
Windows PowerShell 기록 시작
시작 시간: 20260207231611
사용자 이름: SKSQ\Q00873
RunAs 사용자: SKSQ\Q00873
구성 이름: 
Machine: SKSQQ00873PN01 (Microsoft Windows NT 10.0.26100.0)
호스트 응용 프로그램: powershell -NoProfile -ExecutionPolicy Bypass -Command $env:TARGET_DOMAIN='spaceq.sksquare.com'; Invoke-Expression ((Get-Content -LiteralPath 'c:\Project\web_check\check.ps1' -Encoding UTF8) -join "`n")
프로세스 ID: 33868
PSVersion: 5.1.26100.7462
PSEdition: Desktop
PSCompatibleVersions: 1.0, 2.0, 3.0, 4.0, 5.0, 5.1.26100.7462
BuildVersion: 10.0.26100.7462
CLRVersion: 4.0.30319.42000
WSManStackVersion: 3.0
PSRemotingProtocolVersion: 2.3
SerializationVersion: 1.1.0.1
**********************
기록이 시작되었습니다. 출력 파일은 spaceq.sksquare.com_check_20260207_231611.log입니다.

[1. 서버 기본 정보 및 헤더 점검]
--------------------------------------------------------
   - 대상 URL : https://spaceq.sksquare.com
   - 서버 IP  : 211.45.46.64
PS>종료 오류(Invoke-RestMethod): "{"detail":"No information available"}"
     └─ [Shodan] : ✅ 안전 (DB 미등록)
   - Server 헤더 : 정보 없음

[1.5 기술 스택 및 데이터베이스 추정]
--------------------------------------------------------
   - [Language] : ASP.NET 발견 (쿠키: SessionId)
     └─ [DB 추정] : MSSQL 가능성 높음
   - [Language] : Python/Django 가능성 (쿠키: csrftoken)

[보안 헤더(Security Header) 적용 현황]
--------------------------------------------------------
   - Strict-Transport-Security : ❌ 미적용 (취약)
   - X-Frame-Options : ❌ 미적용 (취약)
   - X-Content-Type-Options : ✅ 적용됨
   - X-XSS-Protection : ✅ 적용됨
   - [Cookie] 보안 속성 : ✅ 모든 쿠키에 Secure/HttpOnly 적용됨
   - [Cookie] 세션 쿠키 : ⚠️ 영구 쿠키 발견 (Expires/Max-Age 설정됨)
PS>종료 오류(Invoke-WebRequest): "기본 연결이 닫혔습니다. 유지되어야 할 연결을 서버에서 끊었습니다."
   - [Method] OPTIONS 요청 : ✅ 비활성화/차단됨 (양호)
   - [Robots] robots.txt : ✅ 존재함 (특이사항 없음)

[2. TLS/SSL 프로토콜 버전 점검]
--------------------------------------------------------
   - TLS 1.3 : ❌ 미지원 (양호)
   - TLS 1.2 : ✅ 지원함 (안전)
   - TLS 1.1 : ⚠️ 지원함 (경고: 구형 프로토콜)
   - TLS 1.0 : ❌ 미지원 (양호)
   - SSL 3.0 : ❌ 미지원 (양호)

[3. 상세 보안 및 인증서 점검]
--------------------------------------------------------
   [암호화] RC4 / DES / 3DES : 미사용 (양호)
   [암호화] AES-GCM : 사용 중 (Aes256) (양호)
   [암호화] SHA-1 : 사용 중 (Sha1) (미흡)
   [암호화] SHA-256 이상 : 미사용 (Sha1) (확인 필요)
   [키교환] ECDHE 사용 여부 : 미사용 (RsaKeyX) (권장)
   [키교환] PFS 지원 여부 : 미지원 (미흡)
   [인증서] 인증서 만료 여부 : 유효함 (~2026-11-17) (점검일 2026-02-07 기준: 282일 남음) (양호)
   [인증서] RSA 키 길이 : 2048 bit (양호)
   [인증서] 서명 알고리즘 : sha256RSA (양호)
   [취약점] Heartbleed : 발견되지 않음 (양호)
   [취약점] POODLE : 발견되지 않음 (양호)
   [취약점] SWEET32 : 발견되지 않음 (양호)

[4. WAF/CDN 식별 및 방어력 테스트]
--------------------------------------------------------
PS>종료 오류(Invoke-WebRequest): "작업 시간을 초과했습니다."
   [WAF 식별] 탐지되지 않음 (미사용 또는 알려지지 않음)

   [WAF 방어력] 공격 시뮬레이션 (Smart Check)
PS>종료 오류(Invoke-WebRequest): "작업 시간을 초과했습니다."
   [Test] XSS (Script) -> Result: 연결 실패 (작업 시간을 초과했습니다.)
PS>종료 오류(Invoke-WebRequest): "작업 시간을 초과했습니다."
   [Test] SQL Inject  -> Result: 연결 실패 (작업 시간을 초과했습니다.)
PS>종료 오류(Invoke-WebRequest): "작업 시간을 초과했습니다."
   [Test] Traversal   -> Result: 연결 실패 (작업 시간을 초과했습니다.)
PS>종료 오류(Invoke-WebRequest): "작업 시간을 초과했습니다."
   [Test] Cmd Inject  -> Result: 연결 실패 (작업 시간을 초과했습니다.)

 [!] 보고서 생성 완료: spaceq.sksquare.com_check.html
 [!] 로그 저장 완료: spaceq.sksquare.com_check_20260207_231611.log
     (스크립트와 같은 폴더에 저장되었습니다)

**********************
Windows PowerShell 기록 끝
종료 시간: 20260207231648
**********************
