**********************
Windows PowerShell transcript start
Start time: 20260208084221
Username: SKSQ\Q00873
RunAs User: SKSQ\Q00873
Configuration Name: 
Machine: SKSQQ00873PN01 (Microsoft Windows NT 10.0.26100.0)
Host Application: C:\WINDOWS\System32\WindowsPowerShell\v1.0\powershell.exe -Command $env:TARGET_DOMAIN='www.mintit.co.kr'; Invoke-Expression (Get-Content -LiteralPath '.\check.ps1' -Encoding UTF8 -Raw)
Process ID: 35580
PSVersion: 5.1.26100.7462
PSEdition: Desktop
PSCompatibleVersions: 1.0, 2.0, 3.0, 4.0, 5.0, 5.1.26100.7462
BuildVersion: 10.0.26100.7462
CLRVersion: 4.0.30319.42000
WSManStackVersion: 3.0
PSRemotingProtocolVersion: 2.3
SerializationVersion: 1.1.0.1
**********************
Transcript started, output file is www.mintit.co.kr_check_20260208_084221.log

[1. 서버 기본 정보 및 헤더 점검]
--------------------------------------------------------
   - 대상 URL : https://www.mintit.co.kr
   - 서버 IP  : 3.38.77.181
     └─ [Shodan] : 🚨 노출됨 (Exposed)
        • 열린 포트 : 80
        • 태그 정보 : cloud
        • 취약점 CVE : ✅ 발견되지 않음 (Clean)
   - 서버 IP  : 54.180.75.123
     └─ [Shodan] : 🚨 노출됨 (Exposed)
        • 열린 포트 : 443
        • 태그 정보 : cloud
        • 취약점 CVE : ✅ 발견되지 않음 (Clean)
   - Server 헤더 : 정보 없음

[1.5 기술 스택 및 데이터베이스 추정]
--------------------------------------------------------
   - 특이사항 : 없음 (보안이 잘 되어 있거나 정적 사이트임)

[보안 헤더(Security Header) 적용 현황]
--------------------------------------------------------
   - Strict-Transport-Security : ❌ 미적용 (취약)
   - X-Frame-Options : ❌ 미적용 (취약)
   - X-Content-Type-Options : ❌ 미적용 (취약)
   - X-XSS-Protection : ❌ 미적용 (취약)
   - [Cookie] 쿠키 미발견 : 정보 없음 (양호)
   - [Method] 허용 메소드 : GET,HEAD,POST,PUT,PATCH,DELETE,OPTIONS (⚠️ 불필요한 메소드 허용)
PS>TerminatingError(Invoke-WebRequest): "원격 서버에서 (404) 찾을 수 없음 오류를 반환했습니다."
   - [Robots] robots.txt : ✅ 없음 또는 접근 불가 (양호)

[2. TLS/SSL 프로토콜 버전 점검]
--------------------------------------------------------
   - TLS 1.3 : ✅ 지원함 (안전)
   - TLS 1.2 : ✅ 지원함 (안전)
   - TLS 1.1 : ❌ 미지원 (양호)
   - TLS 1.0 : ⚠️ 지원함 (경고: 구형 프로토콜)
   - SSL 3.0 : ❌ 미지원 (양호)

[3. 상세 보안 및 인증서 점검]
--------------------------------------------------------
   [암호화] RC4 / DES / 3DES : 미사용 (양호)
   [암호화] AES-GCM : 사용 중 (Aes128) (양호)
   [암호화] SHA-1 : 미사용 (양호)
   [암호화] SHA-256 이상 : 사용 중 (Sha256) (양호)
   [키교환] ECDHE 사용 여부 : 미사용 (44550) (권장)
   [키교환] PFS 지원 여부 : 미지원 (미흡)
   [인증서] 인증서 만료 여부 : 유효함 (~2026-08-18) (점검일 2026-02-08 기준: 191일 남음) (양호)
   [인증서] RSA 키 길이 : 2048 bit (양호)
   [인증서] 서명 알고리즘 : sha256RSA (양호)
   [취약점] Heartbleed : 발견되지 않음 (양호)
   [취약점] POODLE : 발견되지 않음 (양호)
   [취약점] SWEET32 : 발견되지 않음 (양호)

[4. WAF/CDN 식별 및 방어력 테스트]
--------------------------------------------------------
PS>TerminatingError(Invoke-WebRequest): "The operation has timed out."
   [WAF 식별] 탐지된 WAF/CDN : Cloudbric (Penta Security) (Verified with wafw00f)

   [WAF 식별]
   🥇 1위 [A01] Path Traversal : ?file=../../../../passwd
      └─ 설명: "관계자 외 출입금지" 구역을 허락 없이 들락날락하는 것 / 위험: 설정 파일 유출 -Color Gray
PS>TerminatingError(Invoke-WebRequest): "The operation has timed out."
      👉 결과: [🛡️ 차단됨] (연결 끊김/응답 없음)

   🥇 1위 [A01] Path Bypass : ?file=....//....//passwd
      └─ 설명: "관계자 외 출입금지" 구역을 허락 없이 들락날락하는 것 / 위험: 방화벽 무력화 -Color Gray
PS>TerminatingError(Invoke-WebRequest): "The operation has timed out."
      👉 결과: [🛡️ 차단됨] (연결 끊김/응답 없음)

   🥇 1위 [A01] Path Trav(Win) : ?file=../../windows/win.ini
      └─ 설명: "관계자 외 출입금지" 구역을 허락 없이 들락날락하는 것 / 위험: 윈도우 설정 유출 -Color Gray
PS>TerminatingError(Invoke-WebRequest): "The operation has timed out."
      👉 결과: [🛡️ 차단됨] (연결 끊김/응답 없음)

   🥉 3위 [A03] SQL Injection : ?id=1 UNION SELECT 1...
      └─ 설명: 서버를 속여서 이상한 명령어를 <b>주입(Inject)</b>하여 실행시키는 것 / 위험: 회원정보 유출, DB 삭제 -Color Gray
PS>TerminatingError(Invoke-WebRequest): "The operation has timed out."
      👉 결과: [🛡️ 차단됨] (연결 끊김/응답 없음)

   🥉 3위 [A03] XSS (Script) : ?q=<script>alert(1)</script>
      └─ 설명: 서버를 속여서 이상한 명령어를 <b>주입(Inject)</b>하여 실행시키는 것 / 위험: 쿠키 탈취, 피싱 -Color Gray
PS>TerminatingError(Invoke-WebRequest): "The operation has timed out."
      👉 결과: [🛡️ 차단됨] (연결 끊김/응답 없음)

   🥉 3위 [A03] Cmd Injection : ?cmd=; cat /etc/passwd
      └─ 설명: 서버를 속여서 이상한 명령어를 <b>주입(Inject)</b>하여 실행시키는 것 / 위험: 서버 권한 장악 -Color Gray
PS>TerminatingError(Invoke-WebRequest): "The operation has timed out."
      👉 결과: [🛡️ 차단됨] (연결 끊김/응답 없음)

   🥉 3위 [A03] LDAP Inject : ?user=*)(uid=*))(|(uid=*
      └─ 설명: 서버를 속여서 이상한 명령어를 <b>주입(Inject)</b>하여 실행시키는 것 / 위험: 관리자 계정 탈취 -Color Gray
PS>TerminatingError(Invoke-WebRequest): "The operation has timed out."
      👉 결과: [🛡️ 차단됨] (연결 끊김/응답 없음)

   🥉 3위 [A03] SSTI Template : ?name={{7*7}}
      └─ 설명: 서버를 속여서 이상한 명령어를 <b>주입(Inject)</b>하여 실행시키는 것 / 위험: 내부 파일 열람, RCE -Color Gray
PS>TerminatingError(Invoke-WebRequest): "The operation has timed out."
      👉 결과: [🛡️ 차단됨] (연결 끊김/응답 없음)

   5위 [A05] Config (.env) : /.env
      └─ 설명: 코딩 실수가 아니라, 설정을 대충 해서 비밀이 새나가는 것 / 위험: DB 비밀번호 노출 -Color Gray
PS>TerminatingError(Invoke-WebRequest): "The operation has timed out."
      👉 결과: [🛡️ 차단됨] (연결 끊김/응답 없음)

   5위 [A05] Git Exposure : /.git/HEAD
      └─ 설명: 코딩 실수가 아니라, 설정을 대충 해서 비밀이 새나가는 것 / 위험: 소스코드 전체 유출 -Color Gray
PS>TerminatingError(Invoke-WebRequest): "The operation has timed out."
      👉 결과: [🛡️ 차단됨] (연결 끊김/응답 없음)

   6위 [A06] Log4j (RCE) : ?q=${jndi:ldap://...}
      └─ 설명: 유효기간 지난(업데이트 안 된) 부품을 써서 뚫리는 것 / 위험: 관리자 권한 장악 -Color Gray
PS>TerminatingError(Invoke-WebRequest): "The operation has timed out."
      👉 결과: [🛡️ 차단됨] (연결 끊김/응답 없음)

   10위 [A10] SSRF (Cloud) : ?url=http://169.254...
      └─ 설명: 서버를 시켜서 다른 곳(클라우드 내부)을 공격하게 만드는 것 / 위험: AWS 인증키 탈취 -Color Gray
PS>TerminatingError(Invoke-WebRequest): "The operation has timed out."
      👉 결과: [🛡️ 차단됨] (연결 끊김/응답 없음)


   [WAF 방어력] OWASP Top 10 순차 정밀 진단
   =======================================================
    • 총 점검 항목 : 12 개
    • 🛡️ 완벽 방어 : 12 개
    • ✅ 무해화    : 0 개
    • 🚨 취약/위험 : 0 개
   =======================================================

 [!] 보고서 생성 완료: www.mintit.co.kr_check.html
 [!] 로그 저장 완료: www.mintit.co.kr_check_20260208_084221.log
     (스크립트와 같은 폴더에 저장되었습니다)

**********************
Windows PowerShell transcript end
End time: 20260208084416
**********************
