**********************
Windows PowerShell 기록 시작
시작 시간: 20260208005345
사용자 이름: SKSQ\Q00873
RunAs 사용자: SKSQ\Q00873
구성 이름: 
Machine: SKSQQ00873PN01 (Microsoft Windows NT 10.0.26100.0)
호스트 응용 프로그램: powershell -NoProfile -ExecutionPolicy Bypass -Command $env:TARGET_DOMAIN='www.mintit.co.kr'; Invoke-Expression ((Get-Content -LiteralPath 'c:\Project\web_check\check.ps1' -Encoding UTF8) -join "`n")
프로세스 ID: 33868
PSVersion: 5.1.26100.7462
PSEdition: Desktop
PSCompatibleVersions: 1.0, 2.0, 3.0, 4.0, 5.0, 5.1.26100.7462
BuildVersion: 10.0.26100.7462
CLRVersion: 4.0.30319.42000
WSManStackVersion: 3.0
PSRemotingProtocolVersion: 2.3
SerializationVersion: 1.1.0.1
**********************
기록이 시작되었습니다. 출력 파일은 www.mintit.co.kr_check_20260208_005345.log입니다.

[1. 서버 기본 정보 및 헤더 점검]
--------------------------------------------------------
   - 대상 URL : https://www.mintit.co.kr
   - 서버 IP  : 3.38.77.181
     └─ [Shodan] : 🚨 노출됨 (Exposed)
        • 열린 포트 : 80
        • 태그 정보 : cloud
        • 취약점 CVE : ✅ 발견되지 않음 (Clean)
   - 서버 IP  : 54.180.75.123
     └─ [Shodan] : 🚨 노출됨 (Exposed)
        • 열린 포트 : 443
        • 태그 정보 : cloud
        • 취약점 CVE : ✅ 발견되지 않음 (Clean)
   - Server 헤더 : 정보 없음

[1.5 기술 스택 및 데이터베이스 추정]
--------------------------------------------------------
   - 특이사항 : 없음 (보안이 잘 되어 있거나 정적 사이트임)

[보안 헤더(Security Header) 적용 현황]
--------------------------------------------------------
   - Strict-Transport-Security : ❌ 미적용 (취약)
   - X-Frame-Options : ❌ 미적용 (취약)
   - X-Content-Type-Options : ❌ 미적용 (취약)
   - X-XSS-Protection : ❌ 미적용 (취약)
   - [Cookie] 쿠키 미발견 : 정보 없음 (양호)
   - [Method] 허용 메소드 : GET,HEAD,POST,PUT,PATCH,DELETE,OPTIONS (⚠️ 불필요한 메소드 허용)
PS>종료 오류(Invoke-WebRequest): "원격 서버에서 (404) 찾을 수 없음 오류를 반환했습니다."
   - [Robots] robots.txt : ✅ 없음 또는 접근 불가 (양호)

[2. TLS/SSL 프로토콜 버전 점검]
--------------------------------------------------------
   - TLS 1.3 : ✅ 지원함 (안전)
   - TLS 1.2 : ✅ 지원함 (안전)
   - TLS 1.1 : ❌ 미지원 (양호)
   - TLS 1.0 : ⚠️ 지원함 (경고: 구형 프로토콜)
   - SSL 3.0 : ❌ 미지원 (양호)

[3. 상세 보안 및 인증서 점검]
--------------------------------------------------------
   [암호화] RC4 / DES / 3DES : 미사용 (양호)
   [암호화] AES-GCM : 사용 중 (Aes128) (양호)
   [암호화] SHA-1 : 미사용 (양호)
   [암호화] SHA-256 이상 : 사용 중 (Sha256) (양호)
   [키교환] ECDHE 사용 여부 : 미사용 (44550) (권장)
   [키교환] PFS 지원 여부 : 미지원 (미흡)
   [인증서] 인증서 만료 여부 : 유효함 (~2026-08-18) (점검일 2026-02-08 기준: 191일 남음) (양호)
   [인증서] RSA 키 길이 : 2048 bit (양호)
   [인증서] 서명 알고리즘 : sha256RSA (양호)
   [취약점] Heartbleed : 발견되지 않음 (양호)
   [취약점] POODLE : 발견되지 않음 (양호)
   [취약점] SWEET32 : 발견되지 않음 (양호)

[4. WAF/CDN 식별 및 방어력 테스트]
--------------------------------------------------------
PS>종료 오류(Invoke-WebRequest): "작업 시간을 초과했습니다."
   [WAF 식별] 탐지되지 않음 (미사용 또는 알려지지 않음)

   [WAF 방어력] 공격 시뮬레이션 (Smart Check)
PS>종료 오류(Invoke-WebRequest): "작업 시간을 초과했습니다."
   [Test] XSS (Script) -> Result: 연결 실패 (작업 시간을 초과했습니다.)
PS>종료 오류(Invoke-WebRequest): "작업 시간을 초과했습니다."
   [Test] SQL Inject  -> Result: 연결 실패 (작업 시간을 초과했습니다.)
PS>종료 오류(Invoke-WebRequest): "작업 시간을 초과했습니다."
   [Test] Traversal   -> Result: 연결 실패 (작업 시간을 초과했습니다.)
PS>종료 오류(Invoke-WebRequest): "작업 시간을 초과했습니다."
   [Test] Cmd Inject  -> Result: 연결 실패 (작업 시간을 초과했습니다.)

 [!] 보고서 생성 완료: www.mintit.co.kr_check.html
 [!] 로그 저장 완료: www.mintit.co.kr_check_20260208_005345.log
     (스크립트와 같은 폴더에 저장되었습니다)

**********************
Windows PowerShell 기록 끝
종료 시간: 20260208005423
**********************
