**********************
Windows PowerShell transcript start
Start time: 20260207220053
Username: SKSQ\Q00873
RunAs User: SKSQ\Q00873
Configuration Name: 
Machine: SKSQQ00873PN01 (Microsoft Windows NT 10.0.26100.0)
Host Application: C:\WINDOWS\System32\WindowsPowerShell\v1.0\powershell.exe -Command $env:TARGET_DOMAIN='www.sknetworks.co.kr'; Invoke-Expression (Get-Content -LiteralPath '.\check.ps1' -Encoding UTF8 -Raw)
Process ID: 32692
PSVersion: 5.1.26100.7462
PSEdition: Desktop
PSCompatibleVersions: 1.0, 2.0, 3.0, 4.0, 5.0, 5.1.26100.7462
BuildVersion: 10.0.26100.7462
CLRVersion: 4.0.30319.42000
WSManStackVersion: 3.0
PSRemotingProtocolVersion: 2.3
SerializationVersion: 1.1.0.1
**********************
Transcript started, output file is www.sknetworks.co.kr_check_20260207_220053.log

[1. 서버 기본 정보 및 헤더 점검]
--------------------------------------------------------
   - 대상 URL : https://www.sknetworks.co.kr
   - 서버 IP  : 20.196.128.158
     └─ [Shodan] : 🚨 노출됨 (Exposed)
        • 열린 포트 : 80, 443, 8080, 8081, 8082, 8083, 9001
        • 태그 정보 : cloud
        • 취약점 CVE : ✅ 발견되지 않음 (Clean)
   - Server 헤더 : 정보 없음

[1.5 기술 스택 및 데이터베이스 추정]
--------------------------------------------------------
   - [Language] : Java / Tomcat 발견 (쿠키: JSESSIONID)
     └─ [DB 추정] : Oracle / PostgreSQL 가능성 높음
   - [Language] : Python/Django 가능성 (쿠키: csrftoken)

[보안 헤더(Security Header) 적용 현황]
--------------------------------------------------------
   - Strict-Transport-Security : ❌ 미적용 (취약)
   - X-Frame-Options : ❌ 미적용 (취약)
   - X-Content-Type-Options : ❌ 미적용 (취약)
   - X-XSS-Protection : ❌ 미적용 (취약)

[2. TLS/SSL 프로토콜 버전 점검]
--------------------------------------------------------
   - TLS 1.3 : ✅ 지원함 (안전)
   - TLS 1.2 : ✅ 지원함 (안전)
   - TLS 1.1 : ❌ 미지원 (양호)
   - TLS 1.0 : ❌ 미지원 (양호)
   - SSL 3.0 : ❌ 미지원 (양호)

[3. 상세 보안 및 인증서 점검]
--------------------------------------------------------
   [암호화] RC4 / DES / 3DES : 미사용 (양호)
   [암호화] AES-GCM : 사용 중 (Aes256) (양호)
   [암호화] SHA-1 : 미사용 (양호)
   [암호화] SHA-256 이상 : 사용 중 (Sha384) (양호)
   [키교환] ECDHE 사용 여부 : 미사용 (None) (권장)
   [키교환] PFS 지원 여부 : 미지원 (미흡)
   [인증서] 인증서 만료 여부 : 유효함 (~2027-01-14) (점검일 2026-02-07 기준: 340일 남음) (양호)
   [인증서] RSA 키 길이 : 2048 bit (양호)
   [인증서] 서명 알고리즘 : sha256RSA (양호)
   [취약점] Heartbleed : 발견되지 않음 (양호)
   [취약점] POODLE : 발견되지 않음 (양호)
   [취약점] SWEET32 : 발견되지 않음 (양호)

[4. WAF 방어력 테스트 (Smart Check)]
--------------------------------------------------------
PS>TerminatingError(Invoke-WebRequest): "기본 연결이 닫혔습니다. 보내기에서 예기치 않은 오류가 발생했습니다."
   [Test] XSS (Script) -> Result: 연결 실패 (기본 연결이 닫혔습니다. 보내기에서 예기치 않은 오류가 발생했습니다.)
PS>TerminatingError(Invoke-WebRequest): "기본 연결이 닫혔습니다. 보내기에서 예기치 않은 오류가 발생했습니다."
   [Test] SQL Inject  -> Result: 연결 실패 (기본 연결이 닫혔습니다. 보내기에서 예기치 않은 오류가 발생했습니다.)
PS>TerminatingError(Invoke-WebRequest): "기본 연결이 닫혔습니다. 보내기에서 예기치 않은 오류가 발생했습니다."
   [Test] Traversal   -> Result: 연결 실패 (기본 연결이 닫혔습니다. 보내기에서 예기치 않은 오류가 발생했습니다.)
PS>TerminatingError(Invoke-WebRequest): "기본 연결이 닫혔습니다. 보내기에서 예기치 않은 오류가 발생했습니다."
   [Test] Cmd Inject  -> Result: 연결 실패 (기본 연결이 닫혔습니다. 보내기에서 예기치 않은 오류가 발생했습니다.)

 [!] 보고서 생성 완료: www.sknetworks.co.kr_check.html
 [!] 로그 저장 완료: www.sknetworks.co.kr_check_20260207_220053.log
     (스크립트와 같은 폴더에 저장되었습니다)

**********************
Windows PowerShell transcript end
End time: 20260207220100
**********************
